2025-11-11 11:01:57,028 | INFO | CREATE PRODUCT REQUEST: name=TEST
2025-11-11 11:01:57,049 | INFO | PRODUCT CREATED SUCCESSFULLY: product_id=PROD-704AC6FC, id=1
2025-11-11 11:01:57,050 | ERROR | CREATE PRODUCT ERROR: You must set the config attribute `from_attributes=True` to use from_orm
2025-11-11 11:02:13,633 | INFO | CREATE PRODUCT REQUEST: name=TEST
2025-11-11 11:02:13,648 | INFO | PRODUCT CREATED SUCCESSFULLY: product_id=PROD-890F1E61, id=2
2025-11-11 11:02:13,649 | ERROR | CREATE PRODUCT ERROR: You must set the config attribute `from_attributes=True` to use from_orm
2025-11-11 11:04:04,064 | INFO | CREATE PRODUCT REQUEST: name=TEST
2025-11-11 11:04:04,103 | INFO | PRODUCT CREATED SUCCESSFULLY: product_id=PROD-40D9A65E, id=3
2025-11-12 08:55:06,997 | INFO | GET ALL PRODUCTS REQUEST
2025-11-12 08:55:07,074 | ERROR | GET PRODUCTS ERROR: 10 validation errors for ProductDetailsOut
id
  Field required [type=missing, input_value=[<app.models.product_mode... at 0x000001E7AD6C57F0>], input_type=InstrumentedList]
    For further information visit https://errors.pydantic.dev/2.12/v/missing
products_id
  Field required [type=missing, input_value=[<app.models.product_mode... at 0x000001E7AD6C57F0>], input_type=InstrumentedList]
    For further information visit https://errors.pydantic.dev/2.12/v/missing
description
  Field required [type=missing, input_value=[<app.models.product_mode... at 0x000001E7AD6C57F0>], input_type=InstrumentedList]
    For further information visit https://errors.pydantic.dev/2.12/v/missing
specifications
  Field required [type=missing, input_value=[<app.models.product_mode... at 0x000001E7AD6C57F0>], input_type=InstrumentedList]
    For further information visit https://errors.pydantic.dev/2.12/v/missing
images
  Field required [type=missing, input_value=[<app.models.product_mode... at 0x000001E7AD6C57F0>], input_type=InstrumentedList]
    For further information visit https://errors.pydantic.dev/2.12/v/missing
price
  Field required [type=missing, input_value=[<app.models.product_mode... at 0x000001E7AD6C57F0>], input_type=InstrumentedList]
    For further information visit https://errors.pydantic.dev/2.12/v/missing
actual_price
  Field required [type=missing, input_value=[<app.models.product_mode... at 0x000001E7AD6C57F0>], input_type=InstrumentedList]
    For further information visit https://errors.pydantic.dev/2.12/v/missing
profit
  Field required [type=missing, input_value=[<app.models.product_mode... at 0x000001E7AD6C57F0>], input_type=InstrumentedList]
    For further information visit https://errors.pydantic.dev/2.12/v/missing
margin
  Field required [type=missing, input_value=[<app.models.product_mode... at 0x000001E7AD6C57F0>], input_type=InstrumentedList]
    For further information visit https://errors.pydantic.dev/2.12/v/missing
points
  Field required [type=missing, input_value=[<app.models.product_mode... at 0x000001E7AD6C57F0>], input_type=InstrumentedList]
    For further information visit https://errors.pydantic.dev/2.12/v/missing
2025-11-12 08:57:09,472 | INFO | GET ALL PRODUCTS REQUEST
2025-11-12 08:57:09,480 | ERROR | GET PRODUCTS ERROR: name 'joinedload' is not defined
2025-11-12 08:59:22,131 | INFO | GET ALL PRODUCTS REQUEST
2025-11-12 08:59:22,148 | ERROR | GET PRODUCTS ERROR: 10 validation errors for ProductDetailsOut
id
  Field required [type=missing, input_value=[<app.models.product_mode... at 0x000001F06C9923C0>], input_type=InstrumentedList]
    For further information visit https://errors.pydantic.dev/2.12/v/missing
products_id
  Field required [type=missing, input_value=[<app.models.product_mode... at 0x000001F06C9923C0>], input_type=InstrumentedList]
    For further information visit https://errors.pydantic.dev/2.12/v/missing
description
  Field required [type=missing, input_value=[<app.models.product_mode... at 0x000001F06C9923C0>], input_type=InstrumentedList]
    For further information visit https://errors.pydantic.dev/2.12/v/missing
specifications
  Field required [type=missing, input_value=[<app.models.product_mode... at 0x000001F06C9923C0>], input_type=InstrumentedList]
    For further information visit https://errors.pydantic.dev/2.12/v/missing
images
  Field required [type=missing, input_value=[<app.models.product_mode... at 0x000001F06C9923C0>], input_type=InstrumentedList]
    For further information visit https://errors.pydantic.dev/2.12/v/missing
price
  Field required [type=missing, input_value=[<app.models.product_mode... at 0x000001F06C9923C0>], input_type=InstrumentedList]
    For further information visit https://errors.pydantic.dev/2.12/v/missing
actual_price
  Field required [type=missing, input_value=[<app.models.product_mode... at 0x000001F06C9923C0>], input_type=InstrumentedList]
    For further information visit https://errors.pydantic.dev/2.12/v/missing
profit
  Field required [type=missing, input_value=[<app.models.product_mode... at 0x000001F06C9923C0>], input_type=InstrumentedList]
    For further information visit https://errors.pydantic.dev/2.12/v/missing
margin
  Field required [type=missing, input_value=[<app.models.product_mode... at 0x000001F06C9923C0>], input_type=InstrumentedList]
    For further information visit https://errors.pydantic.dev/2.12/v/missing
points
  Field required [type=missing, input_value=[<app.models.product_mode... at 0x000001F06C9923C0>], input_type=InstrumentedList]
    For further information visit https://errors.pydantic.dev/2.12/v/missing
2025-11-12 09:00:18,196 | INFO | GET ALL PRODUCTS REQUEST
2025-11-12 09:00:18,212 | ERROR | Validation error for product 1: 10 validation errors for ProductDetailsOut
id
  Field required [type=missing, input_value=[<app.models.product_mode... at 0x000001BE962D23C0>], input_type=InstrumentedList]
    For further information visit https://errors.pydantic.dev/2.12/v/missing
products_id
  Field required [type=missing, input_value=[<app.models.product_mode... at 0x000001BE962D23C0>], input_type=InstrumentedList]
    For further information visit https://errors.pydantic.dev/2.12/v/missing
description
  Field required [type=missing, input_value=[<app.models.product_mode... at 0x000001BE962D23C0>], input_type=InstrumentedList]
    For further information visit https://errors.pydantic.dev/2.12/v/missing
specifications
  Field required [type=missing, input_value=[<app.models.product_mode... at 0x000001BE962D23C0>], input_type=InstrumentedList]
    For further information visit https://errors.pydantic.dev/2.12/v/missing
images
  Field required [type=missing, input_value=[<app.models.product_mode... at 0x000001BE962D23C0>], input_type=InstrumentedList]
    For further information visit https://errors.pydantic.dev/2.12/v/missing
price
  Field required [type=missing, input_value=[<app.models.product_mode... at 0x000001BE962D23C0>], input_type=InstrumentedList]
    For further information visit https://errors.pydantic.dev/2.12/v/missing
actual_price
  Field required [type=missing, input_value=[<app.models.product_mode... at 0x000001BE962D23C0>], input_type=InstrumentedList]
    For further information visit https://errors.pydantic.dev/2.12/v/missing
profit
  Field required [type=missing, input_value=[<app.models.product_mode... at 0x000001BE962D23C0>], input_type=InstrumentedList]
    For further information visit https://errors.pydantic.dev/2.12/v/missing
margin
  Field required [type=missing, input_value=[<app.models.product_mode... at 0x000001BE962D23C0>], input_type=InstrumentedList]
    For further information visit https://errors.pydantic.dev/2.12/v/missing
points
  Field required [type=missing, input_value=[<app.models.product_mode... at 0x000001BE962D23C0>], input_type=InstrumentedList]
    For further information visit https://errors.pydantic.dev/2.12/v/missing
2025-11-12 09:00:18,213 | ERROR | Product data: basic={'_sa_instance_state': <sqlalchemy.orm.state.InstanceState object at 0x000001BE962E7470>, 'category': 'test21', 'product_id': 'PROD-704AC6FC', 'type': 'ej', 'name': 'TEST', 'id': 1, 'details': [<app.models.product_model.ProductDetails object at 0x000001BE962D23C0>]}, details={'_sa_adapter': <sqlalchemy.orm.collections.CollectionAdapter object at 0x000001BE962E74C0>}
2025-11-12 09:00:18,213 | ERROR | Validation error for product 2: 10 validation errors for ProductDetailsOut
id
  Field required [type=missing, input_value=[<app.models.product_mode... at 0x000001BE96354050>], input_type=InstrumentedList]
    For further information visit https://errors.pydantic.dev/2.12/v/missing
products_id
  Field required [type=missing, input_value=[<app.models.product_mode... at 0x000001BE96354050>], input_type=InstrumentedList]
    For further information visit https://errors.pydantic.dev/2.12/v/missing
description
  Field required [type=missing, input_value=[<app.models.product_mode... at 0x000001BE96354050>], input_type=InstrumentedList]
    For further information visit https://errors.pydantic.dev/2.12/v/missing
specifications
  Field required [type=missing, input_value=[<app.models.product_mode... at 0x000001BE96354050>], input_type=InstrumentedList]
    For further information visit https://errors.pydantic.dev/2.12/v/missing
images
  Field required [type=missing, input_value=[<app.models.product_mode... at 0x000001BE96354050>], input_type=InstrumentedList]
    For further information visit https://errors.pydantic.dev/2.12/v/missing
price
  Field required [type=missing, input_value=[<app.models.product_mode... at 0x000001BE96354050>], input_type=InstrumentedList]
    For further information visit https://errors.pydantic.dev/2.12/v/missing
actual_price
  Field required [type=missing, input_value=[<app.models.product_mode... at 0x000001BE96354050>], input_type=InstrumentedList]
    For further information visit https://errors.pydantic.dev/2.12/v/missing
profit
  Field required [type=missing, input_value=[<app.models.product_mode... at 0x000001BE96354050>], input_type=InstrumentedList]
    For further information visit https://errors.pydantic.dev/2.12/v/missing
margin
  Field required [type=missing, input_value=[<app.models.product_mode... at 0x000001BE96354050>], input_type=InstrumentedList]
    For further information visit https://errors.pydantic.dev/2.12/v/missing
points
  Field required [type=missing, input_value=[<app.models.product_mode... at 0x000001BE96354050>], input_type=InstrumentedList]
    For further information visit https://errors.pydantic.dev/2.12/v/missing
2025-11-12 09:00:18,213 | ERROR | Product data: basic={'_sa_instance_state': <sqlalchemy.orm.state.InstanceState object at 0x000001BE962E7590>, 'category': 'test21', 'product_id': 'PROD-890F1E61', 'type': 'ej', 'name': 'TEST', 'id': 2, 'details': [<app.models.product_model.ProductDetails object at 0x000001BE96354050>]}, details={'_sa_adapter': <sqlalchemy.orm.collections.CollectionAdapter object at 0x000001BE962E75E0>}
2025-11-12 09:00:18,213 | ERROR | Validation error for product 3: 10 validation errors for ProductDetailsOut
id
  Field required [type=missing, input_value=[<app.models.product_mode... at 0x000001BE963542D0>], input_type=InstrumentedList]
    For further information visit https://errors.pydantic.dev/2.12/v/missing
products_id
  Field required [type=missing, input_value=[<app.models.product_mode... at 0x000001BE963542D0>], input_type=InstrumentedList]
    For further information visit https://errors.pydantic.dev/2.12/v/missing
description
  Field required [type=missing, input_value=[<app.models.product_mode... at 0x000001BE963542D0>], input_type=InstrumentedList]
    For further information visit https://errors.pydantic.dev/2.12/v/missing
specifications
  Field required [type=missing, input_value=[<app.models.product_mode... at 0x000001BE963542D0>], input_type=InstrumentedList]
    For further information visit https://errors.pydantic.dev/2.12/v/missing
images
  Field required [type=missing, input_value=[<app.models.product_mode... at 0x000001BE963542D0>], input_type=InstrumentedList]
    For further information visit https://errors.pydantic.dev/2.12/v/missing
price
  Field required [type=missing, input_value=[<app.models.product_mode... at 0x000001BE963542D0>], input_type=InstrumentedList]
    For further information visit https://errors.pydantic.dev/2.12/v/missing
actual_price
  Field required [type=missing, input_value=[<app.models.product_mode... at 0x000001BE963542D0>], input_type=InstrumentedList]
    For further information visit https://errors.pydantic.dev/2.12/v/missing
profit
  Field required [type=missing, input_value=[<app.models.product_mode... at 0x000001BE963542D0>], input_type=InstrumentedList]
    For further information visit https://errors.pydantic.dev/2.12/v/missing
margin
  Field required [type=missing, input_value=[<app.models.product_mode... at 0x000001BE963542D0>], input_type=InstrumentedList]
    For further information visit https://errors.pydantic.dev/2.12/v/missing
points
  Field required [type=missing, input_value=[<app.models.product_mode... at 0x000001BE963542D0>], input_type=InstrumentedList]
    For further information visit https://errors.pydantic.dev/2.12/v/missing
2025-11-12 09:00:18,213 | ERROR | Product data: basic={'_sa_instance_state': <sqlalchemy.orm.state.InstanceState object at 0x000001BE962E76B0>, 'category': 'test21', 'product_id': 'PROD-40D9A65E', 'type': 'ej', 'name': 'TEST', 'id': 3, 'details': [<app.models.product_model.ProductDetails object at 0x000001BE963542D0>]}, details={'_sa_adapter': <sqlalchemy.orm.collections.CollectionAdapter object at 0x000001BE962E7700>}
2025-11-12 09:00:18,213 | INFO | PRODUCT COUNT RETURNED: 0
2025-11-12 09:01:31,715 | INFO | GET ALL PRODUCTS REQUEST
2025-11-12 09:01:31,733 | INFO | PRODUCT COUNT RETURNED: 3
2025-11-12 09:12:48,920 | INFO | GET ALL PRODUCTS REQUEST
2025-11-12 09:12:48,937 | INFO | PRODUCT COUNT RETURNED: 3
2025-11-12 09:23:07,010 | INFO | GET ALL PRODUCTS REQUEST
2025-11-12 09:23:07,018 | INFO | PRODUCT COUNT RETURNED: 3
2025-11-12 09:25:22,937 | INFO | GET ALL PRODUCTS REQUEST
2025-11-12 09:25:22,942 | INFO | PRODUCT COUNT RETURNED: 3
2025-11-12 09:25:28,360 | INFO | GET ALL PRODUCTS REQUEST
2025-11-12 09:25:28,364 | INFO | PRODUCT COUNT RETURNED: 3
2025-11-12 09:25:37,935 | INFO | GET ALL PRODUCTS REQUEST
2025-11-12 09:25:37,945 | INFO | PRODUCT COUNT RETURNED: 3
2025-11-12 09:25:37,955 | INFO | GET ALL PRODUCTS REQUEST
2025-11-12 09:25:37,962 | INFO | PRODUCT COUNT RETURNED: 3
2025-11-12 09:25:42,626 | INFO | GET ALL PRODUCTS REQUEST
2025-11-12 09:25:42,631 | INFO | PRODUCT COUNT RETURNED: 3
2025-11-12 09:25:42,639 | INFO | GET ALL PRODUCTS REQUEST
2025-11-12 09:25:42,643 | INFO | PRODUCT COUNT RETURNED: 3
2025-11-12 09:25:46,927 | INFO | GET ALL PRODUCTS REQUEST
2025-11-12 09:25:46,932 | INFO | PRODUCT COUNT RETURNED: 3
2025-11-12 09:25:46,942 | INFO | GET ALL PRODUCTS REQUEST
2025-11-12 09:25:46,946 | INFO | PRODUCT COUNT RETURNED: 3
2025-11-12 09:25:50,007 | INFO | GET ALL PRODUCTS REQUEST
2025-11-12 09:25:50,012 | INFO | PRODUCT COUNT RETURNED: 3
2025-11-12 09:25:57,934 | INFO | GET ALL PRODUCTS REQUEST
2025-11-12 09:25:57,937 | INFO | PRODUCT COUNT RETURNED: 3
2025-11-12 09:25:57,943 | INFO | GET ALL PRODUCTS REQUEST
2025-11-12 09:25:57,947 | INFO | PRODUCT COUNT RETURNED: 3
2025-11-12 09:25:57,956 | INFO | GET ALL PRODUCTS REQUEST
2025-11-12 09:25:57,959 | INFO | PRODUCT COUNT RETURNED: 3
2025-11-12 09:31:18,156 | INFO | GET ALL PRODUCTS REQUEST
2025-11-12 09:31:18,166 | INFO | PRODUCT COUNT RETURNED: 3
2025-11-12 09:31:19,741 | INFO | GET ALL PRODUCTS REQUEST
2025-11-12 09:31:19,747 | INFO | PRODUCT COUNT RETURNED: 3
2025-11-12 09:31:25,780 | INFO | GET ALL PRODUCTS REQUEST
2025-11-12 09:31:25,783 | INFO | PRODUCT COUNT RETURNED: 3
2025-11-12 09:31:28,380 | INFO | GET ALL PRODUCTS REQUEST
2025-11-12 09:31:28,386 | INFO | PRODUCT COUNT RETURNED: 3
2025-11-12 09:40:32,931 | INFO | GET ALL PRODUCTS REQUEST
2025-11-12 09:40:32,937 | INFO | PRODUCT COUNT RETURNED: 3
2025-11-12 09:40:35,632 | INFO | GET ALL PRODUCTS REQUEST
2025-11-12 09:40:35,635 | INFO | PRODUCT COUNT RETURNED: 3
2025-11-12 09:41:14,623 | INFO | GET ALL PRODUCTS REQUEST
2025-11-12 09:41:14,626 | INFO | PRODUCT COUNT RETURNED: 3
2025-11-12 09:41:44,944 | INFO | GET ALL PRODUCTS REQUEST
2025-11-12 09:41:44,946 | INFO | PRODUCT COUNT RETURNED: 3
2025-11-12 09:41:56,677 | INFO | GET ALL PRODUCTS REQUEST
2025-11-12 09:41:56,684 | INFO | PRODUCT COUNT RETURNED: 3
2025-11-12 09:42:02,227 | INFO | GET ALL PRODUCTS REQUEST
2025-11-12 09:42:02,231 | INFO | PRODUCT COUNT RETURNED: 3
2025-11-12 09:42:45,217 | INFO | CREATE PRODUCT REQUEST: name=CLOCK
2025-11-12 09:42:45,246 | INFO | PRODUCT CREATED SUCCESSFULLY: product_id=PROD-30AD538E, id=4
2025-11-12 09:42:45,252 | INFO | GET ALL PRODUCTS REQUEST
2025-11-12 09:42:45,255 | INFO | PRODUCT COUNT RETURNED: 4
2025-11-12 09:42:56,696 | INFO | GET ALL PRODUCTS REQUEST
2025-11-12 09:42:56,700 | INFO | PRODUCT COUNT RETURNED: 4
2025-11-12 09:43:11,885 | INFO | GET ALL PRODUCTS REQUEST
2025-11-12 09:43:11,889 | INFO | PRODUCT COUNT RETURNED: 4
2025-11-12 09:43:39,187 | INFO | GET ALL PRODUCTS REQUEST
2025-11-12 09:43:39,193 | INFO | PRODUCT COUNT RETURNED: 4
2025-11-12 09:44:11,066 | INFO | GET ALL PRODUCTS REQUEST
2025-11-12 09:44:11,069 | INFO | PRODUCT COUNT RETURNED: 4
2025-11-12 09:51:21,800 | INFO | CREATE PRODUCT REQUEST: name=WATCH
2025-11-12 09:51:21,826 | ERROR | CREATE PRODUCT ERROR: cannot access local variable 'features_list' where it is not associated with a value
2025-11-12 09:51:41,798 | INFO | CREATE PRODUCT REQUEST: name=WATCH
2025-11-12 09:51:41,806 | ERROR | CREATE PRODUCT ERROR: cannot access local variable 'features_list' where it is not associated with a value
2025-11-12 09:58:06,214 | INFO | GET ALL PRODUCTS REQUEST
2025-11-12 09:58:06,243 | INFO | PRODUCT COUNT RETURNED: 4
2025-11-12 09:58:36,558 | INFO | CREATE PRODUCT REQUEST: name=Smart Watch
2025-11-12 09:58:36,579 | INFO | PRODUCT CREATED SUCCESSFULLY: product_id=PROD-61380ACE, id=7
2025-11-12 09:58:36,586 | INFO | GET ALL PRODUCTS REQUEST
2025-11-12 09:58:36,590 | INFO | PRODUCT COUNT RETURNED: 5
2025-11-12 09:58:55,206 | INFO | GET ALL PRODUCTS REQUEST
2025-11-12 09:58:55,210 | INFO | PRODUCT COUNT RETURNED: 5
2025-11-12 10:01:37,247 | INFO | GET ALL PRODUCTS REQUEST
2025-11-12 10:01:37,253 | INFO | PRODUCT COUNT RETURNED: 5
2025-11-12 10:02:13,359 | INFO | GET ALL PRODUCTS REQUEST
2025-11-12 10:02:13,364 | INFO | PRODUCT COUNT RETURNED: 5
2025-11-12 10:02:50,005 | INFO | CREATE PRODUCT REQUEST: name=Smart Watch
2025-11-12 10:02:50,027 | INFO | PRODUCT CREATED SUCCESSFULLY: product_id=PROD-B61D4073, id=8
2025-11-12 10:02:50,037 | INFO | GET ALL PRODUCTS REQUEST
2025-11-12 10:02:50,040 | INFO | PRODUCT COUNT RETURNED: 6
2025-11-12 10:08:07,650 | INFO | CREATE PRODUCT REQUEST: name=Smart Watch
2025-11-12 10:08:07,664 | INFO | PRODUCT CREATED SUCCESSFULLY: product_id=PROD-10B383B2, id=9
2025-11-12 10:08:07,676 | INFO | GET ALL PRODUCTS REQUEST
2025-11-12 10:08:07,682 | INFO | PRODUCT COUNT RETURNED: 7
2025-11-12 10:13:28,014 | INFO | CREATE PRODUCT REQUEST: name=TEST 01
2025-11-12 10:13:28,038 | INFO | PRODUCT CREATED SUCCESSFULLY: product_id=PROD-A07AB262, id=10
2025-11-12 10:13:28,048 | INFO | GET ALL PRODUCTS REQUEST
2025-11-12 10:13:28,053 | INFO | PRODUCT COUNT RETURNED: 8
2025-11-12 10:22:03,302 | INFO | CREATE PRODUCT REQUEST: name=Smart Watch
2025-11-12 10:22:03,326 | INFO | PRODUCT CREATED SUCCESSFULLY: product_id=PROD-0EA7703E, id=11
2025-11-12 10:23:27,042 | INFO | CREATE PRODUCT REQUEST: name=Smart Watch
2025-11-12 10:23:27,057 | INFO | PRODUCT CREATED SUCCESSFULLY: product_id=PROD-DE71FE77, id=12
2025-11-12 10:23:27,066 | INFO | CREATE PRODUCT REQUEST: name=Smart Watch
2025-11-12 10:23:27,079 | INFO | PRODUCT CREATED SUCCESSFULLY: product_id=PROD-F1AA3B2D, id=13
2025-11-12 10:23:27,086 | INFO | GET ALL PRODUCTS REQUEST
2025-11-12 10:23:27,090 | INFO | PRODUCT COUNT RETURNED: 11
2025-11-12 10:24:11,725 | INFO | CREATE PRODUCT REQUEST: name=Smart Watch ee
2025-11-12 10:24:11,740 | INFO | PRODUCT CREATED SUCCESSFULLY: product_id=PROD-039F7050, id=14
2025-11-12 10:24:11,757 | INFO | CREATE PRODUCT REQUEST: name=Smart Watch ee
2025-11-12 10:24:11,783 | INFO | PRODUCT CREATED SUCCESSFULLY: product_id=PROD-168DF254, id=15
2025-11-12 10:24:11,790 | INFO | GET ALL PRODUCTS REQUEST
2025-11-12 10:24:11,793 | INFO | PRODUCT COUNT RETURNED: 13
2025-11-12 10:26:26,218 | INFO | CREATE PRODUCT REQUEST: name=TEST 01
2025-11-12 10:26:26,233 | INFO | PRODUCT CREATED SUCCESSFULLY: product_id=PROD-0D81C2FE, id=16
2025-11-12 10:26:26,894 | INFO | GET ALL PRODUCTS REQUEST
2025-11-12 10:26:26,901 | INFO | PRODUCT COUNT RETURNED: 14
2025-11-12 10:26:34,741 | INFO | GET ALL PRODUCTS REQUEST
2025-11-12 10:26:34,745 | INFO | PRODUCT COUNT RETURNED: 14
2025-11-12 10:29:06,412 | INFO | GET ALL PRODUCTS REQUEST
2025-11-12 10:29:06,417 | INFO | PRODUCT COUNT RETURNED: 14
2025-11-12 10:29:10,893 | INFO | GET ALL PRODUCTS REQUEST
2025-11-12 10:29:10,899 | INFO | PRODUCT COUNT RETURNED: 14
2025-11-12 10:37:18,964 | INFO | GET ALL PRODUCTS REQUEST
2025-11-12 10:37:18,970 | INFO | PRODUCT COUNT RETURNED: 14
2025-11-12 10:37:29,635 | INFO | GET ALL PRODUCTS REQUEST
2025-11-12 10:37:29,650 | INFO | PRODUCT COUNT RETURNED: 14
2025-11-12 10:37:47,957 | INFO | GET ALL PRODUCTS REQUEST
2025-11-12 10:37:47,972 | INFO | PRODUCT COUNT RETURNED: 14
2025-11-12 10:39:11,827 | INFO | GET ALL PRODUCTS REQUEST
2025-11-12 10:39:11,837 | INFO | PRODUCT COUNT RETURNED: 14
2025-11-12 10:39:20,647 | INFO | GET ALL PRODUCTS REQUEST
2025-11-12 10:39:20,663 | INFO | PRODUCT COUNT RETURNED: 14
2025-11-12 10:39:23,960 | INFO | GET ALL PRODUCTS REQUEST
2025-11-12 10:39:23,971 | INFO | PRODUCT COUNT RETURNED: 14
2025-11-12 10:39:44,666 | INFO | GET ALL PRODUCTS REQUEST
2025-11-12 10:39:44,697 | INFO | PRODUCT COUNT RETURNED: 14
2025-11-12 10:40:33,712 | INFO | GET ALL PRODUCTS REQUEST
2025-11-12 10:40:33,726 | INFO | PRODUCT COUNT RETURNED: 14
2025-11-12 10:40:34,632 | INFO | GET ALL PRODUCTS REQUEST
2025-11-12 10:40:34,638 | INFO | PRODUCT COUNT RETURNED: 14
2025-11-12 10:52:55,838 | INFO | GET ALL PRODUCTS REQUEST
2025-11-12 10:52:55,842 | INFO | PRODUCT COUNT RETURNED: 14
2025-11-12 11:28:47,532 | INFO | GET ALL PRODUCTS REQUEST
2025-11-12 11:28:47,569 | INFO | PRODUCT COUNT RETURNED: 14
2025-11-13 10:26:20,856 | INFO | GET ALL PRODUCTS REQUEST
2025-11-13 10:26:20,926 | INFO | PRODUCT COUNT RETURNED: 14
2025-11-13 10:31:09,374 | INFO | GET ALL PRODUCTS REQUEST
2025-11-13 10:31:09,411 | INFO | PRODUCT COUNT RETURNED: 14
2025-11-13 10:31:53,875 | INFO | GET ALL PRODUCTS REQUEST
2025-11-13 10:31:53,909 | INFO | PRODUCT COUNT RETURNED: 14
2025-11-13 10:34:45,861 | INFO | GET ALL PRODUCTS REQUEST
2025-11-13 10:34:45,866 | INFO | PRODUCT COUNT RETURNED: 14
2025-11-13 10:37:33,695 | INFO | GET ALL PRODUCTS REQUEST
2025-11-13 10:37:33,735 | INFO | PRODUCT COUNT RETURNED: 14
2025-11-13 10:38:11,460 | INFO | GET ALL PRODUCTS REQUEST
2025-11-13 10:38:11,503 | INFO | PRODUCT COUNT RETURNED: 14
2025-11-13 10:38:45,832 | INFO | GET ALL PRODUCTS REQUEST
2025-11-13 10:38:45,859 | INFO | PRODUCT COUNT RETURNED: 14
2025-11-13 10:40:21,445 | INFO | GET ALL PRODUCTS REQUEST
2025-11-13 10:40:21,473 | INFO | PRODUCT COUNT RETURNED: 14
2025-11-13 10:40:51,698 | INFO | GET ALL PRODUCTS REQUEST
2025-11-13 10:40:51,739 | INFO | PRODUCT COUNT RETURNED: 14
2025-11-13 10:42:59,756 | INFO | GET ALL PRODUCTS REQUEST
2025-11-13 10:42:59,785 | INFO | PRODUCT COUNT RETURNED: 14
2025-11-13 10:43:25,843 | INFO | GET ALL PRODUCTS REQUEST
2025-11-13 10:43:25,847 | INFO | PRODUCT COUNT RETURNED: 14
2025-11-13 10:43:38,260 | INFO | GET ALL PRODUCTS REQUEST
2025-11-13 10:43:38,264 | INFO | PRODUCT COUNT RETURNED: 14
2025-11-13 10:56:24,942 | INFO | GET ALL PRODUCTS REQUEST
2025-11-13 10:56:24,986 | INFO | PRODUCT COUNT RETURNED: 14
2025-11-13 10:57:51,478 | INFO | GET ALL PRODUCTS REQUEST
2025-11-13 10:57:51,482 | INFO | PRODUCT COUNT RETURNED: 14
2025-11-13 11:10:49,664 | INFO | GET ALL PRODUCTS REQUEST
2025-11-13 11:10:49,669 | INFO | PRODUCT COUNT RETURNED: 14
2025-11-13 11:11:06,175 | INFO | GET ALL PRODUCTS REQUEST
2025-11-13 11:11:06,179 | INFO | PRODUCT COUNT RETURNED: 14
2025-11-13 11:13:33,725 | INFO | GET ALL PRODUCTS REQUEST
2025-11-13 11:13:33,749 | INFO | PRODUCT COUNT RETURNED: 14
2025-11-18 09:27:15,761 | INFO | GET ALL PRODUCTS REQUEST
2025-11-18 09:27:15,796 | INFO | PRODUCT COUNT RETURNED: 14
2025-11-18 09:29:50,040 | INFO | GET ALL PRODUCTS REQUEST
2025-11-18 09:29:50,046 | INFO | PRODUCT COUNT RETURNED: 14
2025-11-18 20:37:43,137 | INFO | GET ALL PRODUCTS REQUEST
2025-11-18 20:37:43,161 | INFO | PRODUCT COUNT RETURNED: 14
2025-11-18 20:57:42,199 | INFO | GET ALL PRODUCTS REQUEST
2025-11-18 20:57:42,215 | INFO | PRODUCT COUNT RETURNED: 14
2025-11-20 13:11:47,994 | INFO | GET ALL PRODUCTS REQUEST
2025-11-20 13:11:48,014 | INFO | PRODUCT COUNT RETURNED: 14
2025-11-20 13:11:49,914 | INFO | GET ALL PRODUCTS REQUEST
2025-11-20 13:11:49,939 | INFO | PRODUCT COUNT RETURNED: 14
2025-11-20 13:11:51,833 | INFO | GET ALL PRODUCTS REQUEST
2025-11-20 13:11:51,837 | INFO | PRODUCT COUNT RETURNED: 14
2025-11-20 13:12:01,469 | INFO | GET ALL PRODUCTS REQUEST
2025-11-20 13:12:01,474 | INFO | PRODUCT COUNT RETURNED: 14
2025-11-20 13:12:02,562 | INFO | GET ALL PRODUCTS REQUEST
2025-11-20 13:12:02,570 | INFO | PRODUCT COUNT RETURNED: 14
2025-11-20 13:12:04,601 | INFO | GET ALL PRODUCTS REQUEST
2025-11-20 13:12:04,604 | INFO | PRODUCT COUNT RETURNED: 14
2025-11-20 13:12:36,809 | INFO | GET ALL PRODUCTS REQUEST
2025-11-20 13:12:36,812 | INFO | PRODUCT COUNT RETURNED: 14
2025-11-20 13:13:08,699 | INFO | GET ALL PRODUCTS REQUEST
2025-11-20 13:13:08,703 | INFO | PRODUCT COUNT RETURNED: 14
2025-11-20 13:23:14,504 | INFO | GET ALL PRODUCTS REQUEST
2025-11-20 13:23:14,517 | INFO | PRODUCT COUNT RETURNED: 14
2025-11-20 13:23:26,163 | INFO | GET ALL PRODUCTS REQUEST
2025-11-20 13:23:26,167 | INFO | PRODUCT COUNT RETURNED: 14
2025-11-20 13:32:46,487 | INFO | GET ALL PRODUCTS REQUEST
2025-11-20 13:32:46,493 | INFO | PRODUCT COUNT RETURNED: 14
