2025-11-12 09:22:18,518 | INFO | ADD PRODUCT TO STORE: user_id=user_123, product_id=PROD-704AC6FC
2025-11-12 09:22:18,563 | INFO | PRODUCT ADDED TO STORE: id=1
2025-11-12 09:22:18,573 | INFO | GET USER STORE PRODUCTS: user_id=user_123
2025-11-12 09:22:18,585 | INFO | USER STORE PRODUCT COUNT: 1
2025-11-12 09:22:24,190 | INFO | ADD PRODUCT TO STORE: user_id=user_123, product_id=PROD-40D9A65E
2025-11-12 09:22:24,208 | INFO | PRODUCT ADDED TO STORE: id=2
2025-11-12 09:22:24,217 | INFO | GET USER STORE PRODUCTS: user_id=user_123
2025-11-12 09:22:24,225 | INFO | USER STORE PRODUCT COUNT: 2
2025-11-12 09:22:54,261 | INFO | REMOVE PRODUCT FROM STORE: user_id=user_123, product_id=PROD-704AC6FC
2025-11-12 09:22:54,282 | INFO | PRODUCT REMOVED FROM STORE: id=1
2025-11-12 09:22:54,291 | INFO | GET USER STORE PRODUCTS: user_id=user_123
2025-11-12 09:22:54,299 | INFO | USER STORE PRODUCT COUNT: 1
2025-11-12 09:23:07,010 | INFO | GET USER STORE PRODUCTS: user_id=user_123
2025-11-12 09:23:07,028 | INFO | USER STORE PRODUCT COUNT: 1
2025-11-12 09:25:22,940 | INFO | GET USER STORE PRODUCTS: user_id=user_123
2025-11-12 09:25:22,946 | INFO | USER STORE PRODUCT COUNT: 1
2025-11-12 09:25:28,360 | INFO | GET USER STORE PRODUCTS: user_id=user_123
2025-11-12 09:25:28,367 | INFO | USER STORE PRODUCT COUNT: 1
2025-11-12 09:25:37,938 | INFO | GET USER STORE PRODUCTS: user_id=user_123
2025-11-12 09:25:37,947 | INFO | USER STORE PRODUCT COUNT: 1
2025-11-12 09:25:37,959 | INFO | GET USER STORE PRODUCTS: user_id=user_123
2025-11-12 09:25:37,968 | INFO | USER STORE PRODUCT COUNT: 1
2025-11-12 09:25:42,626 | INFO | GET USER STORE PRODUCTS: user_id=user_123
2025-11-12 09:25:42,636 | INFO | USER STORE PRODUCT COUNT: 1
2025-11-12 09:25:42,645 | INFO | GET USER STORE PRODUCTS: user_id=user_123
2025-11-12 09:25:42,651 | INFO | USER STORE PRODUCT COUNT: 1
2025-11-12 09:25:46,928 | INFO | GET USER STORE PRODUCTS: user_id=user_123
2025-11-12 09:25:46,935 | INFO | USER STORE PRODUCT COUNT: 1
2025-11-12 09:25:46,943 | INFO | GET USER STORE PRODUCTS: user_id=user_123
2025-11-12 09:25:46,949 | INFO | USER STORE PRODUCT COUNT: 1
2025-11-12 09:25:50,007 | INFO | GET USER STORE PRODUCTS: user_id=user_123
2025-11-12 09:25:50,015 | INFO | USER STORE PRODUCT COUNT: 1
2025-11-12 09:25:57,935 | INFO | GET USER STORE PRODUCTS: user_id=user_123
2025-11-12 09:25:57,939 | INFO | USER STORE PRODUCT COUNT: 1
2025-11-12 09:25:57,944 | INFO | GET USER STORE PRODUCTS: user_id=user_123
2025-11-12 09:25:57,951 | INFO | USER STORE PRODUCT COUNT: 1
2025-11-12 09:25:57,957 | INFO | GET USER STORE PRODUCTS: user_id=user_123
2025-11-12 09:25:57,962 | INFO | USER STORE PRODUCT COUNT: 1
2025-11-12 09:31:18,157 | INFO | GET USER STORE PRODUCTS: user_id=user_123
2025-11-12 09:31:18,185 | INFO | USER STORE PRODUCT COUNT: 1
2025-11-12 09:31:19,741 | INFO | GET USER STORE PRODUCTS: user_id=user_123
2025-11-12 09:31:19,750 | INFO | USER STORE PRODUCT COUNT: 1
2025-11-12 09:31:25,787 | INFO | GET USER STORE PRODUCTS: user_id=user_123
2025-11-12 09:31:25,793 | INFO | USER STORE PRODUCT COUNT: 1
2025-11-12 09:31:28,380 | INFO | GET USER STORE PRODUCTS: user_id=user_123
2025-11-12 09:31:28,388 | INFO | USER STORE PRODUCT COUNT: 1
2025-11-12 09:42:56,696 | INFO | GET USER STORE PRODUCTS: user_id=user_123
2025-11-12 09:42:56,714 | INFO | USER STORE PRODUCT COUNT: 1
2025-11-12 09:42:59,781 | INFO | ADD PRODUCT TO STORE: user_id=user_123, product_id=PROD-30AD538E
2025-11-12 09:42:59,799 | INFO | PRODUCT ADDED TO STORE: id=3
2025-11-12 09:42:59,805 | INFO | GET USER STORE PRODUCTS: user_id=user_123
2025-11-12 09:42:59,811 | INFO | USER STORE PRODUCT COUNT: 2
2025-11-12 09:58:55,206 | INFO | GET USER STORE PRODUCTS: user_id=user_123
2025-11-12 09:58:55,229 | INFO | USER STORE PRODUCT COUNT: 2
2025-11-12 09:58:59,205 | INFO | ADD PRODUCT TO STORE: user_id=user_123, product_id=PROD-61380ACE
2025-11-12 09:58:59,231 | INFO | PRODUCT ADDED TO STORE: id=4
2025-11-12 09:58:59,240 | INFO | GET USER STORE PRODUCTS: user_id=user_123
2025-11-12 09:58:59,246 | INFO | USER STORE PRODUCT COUNT: 3
2025-11-12 10:01:37,247 | INFO | GET USER STORE PRODUCTS: user_id=user_123
2025-11-12 10:01:37,255 | INFO | USER STORE PRODUCT COUNT: 3
2025-11-12 10:26:34,755 | INFO | GET USER STORE PRODUCTS: user_id=user_123
2025-11-12 10:26:34,767 | INFO | USER STORE PRODUCT COUNT: 3
2025-11-12 10:26:37,277 | INFO | ADD PRODUCT TO STORE: user_id=user_123, product_id=PROD-0D81C2FE
2025-11-12 10:26:37,296 | INFO | PRODUCT ADDED TO STORE: id=5
2025-11-12 10:26:37,322 | INFO | GET USER STORE PRODUCTS: user_id=user_123
2025-11-12 10:26:37,331 | INFO | USER STORE PRODUCT COUNT: 4
2025-11-12 10:29:06,397 | INFO | GET USER STORE PRODUCTS: user_id=user_123
2025-11-12 10:29:06,404 | INFO | USER STORE PRODUCT COUNT: 4
2025-11-12 10:29:10,893 | INFO | GET USER STORE PRODUCTS: user_id=user_123
2025-11-12 10:29:10,902 | INFO | USER STORE PRODUCT COUNT: 4
2025-11-12 10:39:20,648 | INFO | GET USER STORE PRODUCTS: user_id=user_123
2025-11-12 10:39:20,682 | INFO | USER STORE PRODUCT COUNT: 4
2025-11-12 10:48:54,714 | INFO | ADD PRODUCT TO STORE: user_id=user_123, product_id=PROD-168DF254
2025-11-12 10:48:54,739 | INFO | PRODUCT ADDED TO STORE: id=6
2025-11-12 10:48:54,749 | INFO | GET USER STORE PRODUCTS: user_id=user_123
2025-11-12 10:48:54,754 | INFO | USER STORE PRODUCT COUNT: 5
2025-11-12 10:52:00,308 | INFO | ADD PRODUCT TO STORE: user_id=user_123, product_id=PROD-039F7050
2025-11-12 10:52:00,329 | INFO | PRODUCT ADDED TO STORE: id=7
2025-11-12 10:52:00,353 | INFO | GET USER STORE PRODUCTS: user_id=user_123
2025-11-12 10:52:00,362 | INFO | USER STORE PRODUCT COUNT: 6
2025-11-12 10:52:55,838 | INFO | GET USER STORE PRODUCTS: user_id=user_123
2025-11-12 10:52:55,846 | INFO | USER STORE PRODUCT COUNT: 6
2025-11-12 10:53:01,458 | INFO | ADD PRODUCT TO STORE: user_id=user_123, product_id=PROD-0EA7703E
2025-11-12 10:53:01,472 | INFO | PRODUCT ADDED TO STORE: id=8
2025-11-12 10:53:01,491 | INFO | GET USER STORE PRODUCTS: user_id=user_123
2025-11-12 10:53:01,541 | INFO | USER STORE PRODUCT COUNT: 7
2025-11-12 11:28:47,532 | INFO | GET USER STORE PRODUCTS: user_id=user_123
2025-11-12 11:28:47,578 | INFO | USER STORE PRODUCT COUNT: 7
2025-11-13 10:26:20,857 | INFO | GET USER STORE PRODUCTS: user_id=user_123
2025-11-13 10:26:21,027 | INFO | USER STORE PRODUCT COUNT: 7
2025-11-13 10:31:09,375 | INFO | GET USER STORE PRODUCTS: user_id=user_123
2025-11-13 10:31:09,412 | INFO | USER STORE PRODUCT COUNT: 7
2025-11-13 10:31:53,875 | INFO | GET USER STORE PRODUCTS: user_id=user_123
2025-11-13 10:31:53,924 | INFO | USER STORE PRODUCT COUNT: 7
2025-11-13 10:34:45,875 | INFO | GET USER STORE PRODUCTS: user_id=user_123
2025-11-13 10:34:45,889 | INFO | USER STORE PRODUCT COUNT: 7
2025-11-13 10:37:33,695 | INFO | GET USER STORE PRODUCTS: user_id=user_123
2025-11-13 10:37:33,730 | INFO | USER STORE PRODUCT COUNT: 7
2025-11-13 10:38:11,460 | INFO | GET USER STORE PRODUCTS: user_id=user_123
2025-11-13 10:38:11,500 | INFO | USER STORE PRODUCT COUNT: 7
2025-11-13 10:38:45,845 | INFO | GET USER STORE PRODUCTS: user_id=user_123
2025-11-13 10:38:45,876 | INFO | USER STORE PRODUCT COUNT: 7
2025-11-13 10:40:21,462 | INFO | GET USER STORE PRODUCTS: user_id=user_123
2025-11-13 10:40:21,494 | INFO | USER STORE PRODUCT COUNT: 7
2025-11-13 10:40:51,719 | INFO | GET USER STORE PRODUCTS: user_id=user_123
2025-11-13 10:40:51,748 | INFO | USER STORE PRODUCT COUNT: 7
2025-11-13 10:42:59,756 | INFO | GET USER STORE PRODUCTS: user_id=user_123
2025-11-13 10:42:59,802 | INFO | USER STORE PRODUCT COUNT: 7
2025-11-13 10:43:25,852 | INFO | GET USER STORE PRODUCTS: user_id=user_123
2025-11-13 10:43:25,863 | INFO | USER STORE PRODUCT COUNT: 7
2025-11-13 10:43:38,271 | INFO | GET USER STORE PRODUCTS: user_id=user_123
2025-11-13 10:43:38,284 | INFO | USER STORE PRODUCT COUNT: 7
2025-11-13 10:56:24,942 | INFO | GET USER STORE PRODUCTS: user_id=user_123
2025-11-13 10:56:24,984 | INFO | USER STORE PRODUCT COUNT: 7
2025-11-13 10:57:51,488 | INFO | GET USER STORE PRODUCTS: user_id=user_123
2025-11-13 10:57:51,496 | INFO | USER STORE PRODUCT COUNT: 7
2025-11-18 09:27:15,761 | INFO | GET USER STORE PRODUCTS: user_id=user_123
2025-11-18 09:27:15,781 | INFO | USER STORE PRODUCT COUNT: 7
2025-11-18 09:29:50,040 | INFO | GET USER STORE PRODUCTS: user_id=user_123
2025-11-18 09:29:50,051 | INFO | USER STORE PRODUCT COUNT: 7
2025-11-18 20:37:43,145 | INFO | GET USER STORE PRODUCTS: user_id=user_123
2025-11-18 20:37:43,191 | INFO | USER STORE PRODUCT COUNT: 7
2025-11-18 20:57:42,198 | INFO | GET USER STORE PRODUCTS: user_id=user_123
2025-11-18 20:57:42,226 | INFO | USER STORE PRODUCT COUNT: 7
2025-11-20 13:11:48,021 | INFO | GET USER STORE PRODUCTS: user_id=user_123
2025-11-20 13:11:48,032 | INFO | USER STORE PRODUCT COUNT: 7
2025-11-20 13:11:49,914 | INFO | GET USER STORE PRODUCTS: user_id=user_123
2025-11-20 13:11:49,922 | INFO | USER STORE PRODUCT COUNT: 7
2025-11-20 13:11:51,833 | INFO | GET USER STORE PRODUCTS: user_id=user_123
2025-11-20 13:11:51,842 | INFO | USER STORE PRODUCT COUNT: 7
2025-11-20 13:12:01,469 | INFO | GET USER STORE PRODUCTS: user_id=user_123
2025-11-20 13:12:01,476 | INFO | USER STORE PRODUCT COUNT: 7
2025-11-20 13:12:02,562 | INFO | GET USER STORE PRODUCTS: user_id=user_123
2025-11-20 13:12:02,572 | INFO | USER STORE PRODUCT COUNT: 7
2025-11-20 13:12:04,601 | INFO | GET USER STORE PRODUCTS: user_id=user_123
2025-11-20 13:12:04,609 | INFO | USER STORE PRODUCT COUNT: 7
2025-11-20 13:12:36,816 | INFO | GET USER STORE PRODUCTS: user_id=user_123
2025-11-20 13:12:36,822 | INFO | USER STORE PRODUCT COUNT: 7
2025-11-20 13:23:14,505 | INFO | GET USER STORE PRODUCTS: user_id=user_123
2025-11-20 13:23:14,533 | INFO | USER STORE PRODUCT COUNT: 7
2025-11-20 13:23:26,171 | INFO | GET USER STORE PRODUCTS: user_id=user_123
2025-11-20 13:23:26,176 | INFO | USER STORE PRODUCT COUNT: 7
2025-11-20 13:32:46,490 | INFO | GET USER STORE PRODUCTS: user_id=user_123
2025-11-20 13:32:46,508 | INFO | USER STORE PRODUCT COUNT: 7
